TN:
SF:/home/moise/Self-Build/JSCourse/Banka/SERVER/server.js
FN:20,(anonymous_1)
FN:26,(anonymous_2)
FNF:2
FNH:1
FNDA:0,(anonymous_1)
FNDA:2,(anonymous_2)
DA:2,1
DA:3,1
DA:4,1
DA:5,1
DA:9,1
DA:10,1
DA:11,1
DA:13,1
DA:14,1
DA:15,1
DA:20,1
DA:21,0
DA:26,1
DA:27,2
DA:34,1
DA:35,1
DA:37,1
LF:17
LH:16
BRDA:34,0,0,1
BRDA:34,0,1,1
BRF:2
BRH:2
end_of_record
TN:
SF:/home/moise/Self-Build/JSCourse/Banka/SERVER/config/config.js
FNF:0
FNH:0
DA:2,1
LF:1
LH:1
BRF:0
BRH:0
end_of_record
TN:
SF:/home/moise/Self-Build/JSCourse/Banka/SERVER/controllers/accounts.js
FN:7,(anonymous_1)
FN:47,(anonymous_2)
FN:49,(anonymous_3)
FN:80,(anonymous_4)
FN:82,(anonymous_5)
FNF:5
FNH:3
FNDA:1,(anonymous_1)
FNDA:0,(anonymous_2)
FNDA:0,(anonymous_3)
FNDA:1,(anonymous_4)
FNDA:1,(anonymous_5)
DA:1,1
DA:2,1
DA:3,1
DA:5,1
DA:11,1
DA:13,1
DA:18,1
DA:19,1
DA:21,1
DA:23,1
DA:32,1
DA:33,1
DA:40,0
DA:49,0
DA:50,0
DA:51,0
DA:53,0
DA:58,0
DA:60,0
DA:61,0
DA:62,0
DA:63,0
DA:64,0
DA:66,0
DA:73,0
DA:82,1
DA:83,1
DA:88,1
DA:90,1
DA:91,1
DA:92,1
DA:98,0
DA:107,1
LF:33
LH:19
BRDA:13,0,0,0
BRDA:13,0,1,1
BRDA:53,1,0,0
BRDA:53,1,1,0
BRDA:83,2,0,0
BRDA:83,2,1,1
BRF:6
BRH:2
end_of_record
TN:
SF:/home/moise/Self-Build/JSCourse/Banka/SERVER/controllers/transactions.js
FN:9,(anonymous_1)
FN:65,(anonymous_2)
FNF:2
FNH:2
FNDA:1,(anonymous_1)
FNDA:1,(anonymous_2)
DA:1,1
DA:2,1
DA:3,1
DA:4,1
DA:7,1
DA:13,1
DA:15,1
DA:20,1
DA:21,1
DA:28,1
DA:31,1
DA:32,1
DA:33,1
DA:35,1
DA:37,1
DA:48,1
DA:49,1
DA:56,0
DA:68,1
DA:70,1
DA:75,1
DA:76,1
DA:83,1
DA:86,1
DA:87,1
DA:88,1
DA:90,1
DA:92,1
DA:94,0
DA:101,1
DA:112,1
DA:113,1
DA:123,0
DA:132,1
LF:34
LH:31
BRDA:15,0,0,0
BRDA:15,0,1,1
BRDA:70,1,0,0
BRDA:70,1,1,1
BRDA:92,2,0,0
BRDA:92,2,1,1
BRDA:92,3,0,1
BRDA:92,3,1,1
BRF:8
BRH:5
end_of_record
TN:
SF:/home/moise/Self-Build/JSCourse/Banka/SERVER/controllers/auth/userAuth.js
FN:17,(anonymous_1)
FN:65,(anonymous_2)
FN:78,(anonymous_3)
FNF:3
FNH:3
FNDA:1,(anonymous_1)
FNDA:1,(anonymous_2)
FNDA:1,(anonymous_3)
DA:1,1
DA:2,1
DA:3,1
DA:4,1
DA:5,1
DA:6,1
DA:11,1
DA:15,1
DA:21,1
DA:23,1
DA:28,1
DA:30,1
DA:40,1
DA:41,1
DA:48,1
DA:49,1
DA:57,0
DA:69,1
DA:71,1
DA:76,1
DA:78,1
DA:80,1
DA:85,1
DA:87,1
DA:89,1
DA:94,1
DA:101,1
DA:109,0
DA:119,1
LF:29
LH:27
BRDA:23,0,0,0
BRDA:23,0,1,1
BRDA:71,1,0,0
BRDA:71,1,1,1
BRDA:80,2,0,0
BRDA:80,2,1,1
BRDA:89,3,0,0
BRDA:89,3,1,1
BRF:8
BRH:4
end_of_record
TN:
SF:/home/moise/Self-Build/JSCourse/Banka/SERVER/helpers/accountValidator.js
FN:4,(anonymous_1)
FNF:1
FNH:1
FNDA:1,(anonymous_1)
DA:1,1
DA:4,1
DA:6,1
DA:15,1
DA:26,1
DA:31,1
LF:6
LH:6
BRF:0
BRH:0
end_of_record
TN:
SF:/home/moise/Self-Build/JSCourse/Banka/SERVER/helpers/creditValidator.js
FN:4,(anonymous_1)
FNF:1
FNH:1
FNDA:1,(anonymous_1)
DA:1,1
DA:4,1
DA:5,1
DA:17,1
DA:28,1
DA:33,1
LF:6
LH:6
BRF:0
BRH:0
end_of_record
TN:
SF:/home/moise/Self-Build/JSCourse/Banka/SERVER/helpers/debitValidator.js
FN:4,(anonymous_1)
FNF:1
FNH:1
FNDA:1,(anonymous_1)
DA:1,1
DA:4,1
DA:5,1
DA:16,1
DA:27,1
DA:32,1
LF:6
LH:6
BRF:0
BRH:0
end_of_record
TN:
SF:/home/moise/Self-Build/JSCourse/Banka/SERVER/helpers/logInValidator.js
FN:4,(anonymous_1)
FN:25,(anonymous_2)
FNF:2
FNH:2
FNDA:1,(anonymous_1)
FNDA:1,(anonymous_2)
DA:1,1
DA:2,1
DA:4,1
DA:5,1
DA:11,1
DA:22,1
DA:25,1
DA:26,1
DA:27,1
LF:9
LH:9
BRF:0
BRH:0
end_of_record
TN:
SF:/home/moise/Self-Build/JSCourse/Banka/SERVER/helpers/signUpValidator.js
FN:4,(anonymous_1)
FN:29,(anonymous_2)
FNF:2
FNH:2
FNDA:1,(anonymous_1)
FNDA:1,(anonymous_2)
DA:1,1
DA:2,1
DA:4,1
DA:5,1
DA:15,1
DA:26,1
DA:29,1
DA:30,1
DA:31,1
LF:9
LH:9
BRF:0
BRH:0
end_of_record
TN:
SF:/home/moise/Self-Build/JSCourse/Banka/SERVER/models/account.js
FNF:0
FNH:0
DA:1,1
LF:1
LH:1
BRF:0
BRH:0
end_of_record
TN:
SF:/home/moise/Self-Build/JSCourse/Banka/SERVER/models/transaction.js
FNF:0
FNH:0
DA:1,1
LF:1
LH:1
BRF:0
BRH:0
end_of_record
TN:
SF:/home/moise/Self-Build/JSCourse/Banka/SERVER/models/user.js
FNF:0
FNH:0
DA:1,1
LF:1
LH:1
BRF:0
BRH:0
end_of_record
TN:
SF:/home/moise/Self-Build/JSCourse/Banka/SERVER/routes/accountRouter.js
FNF:0
FNH:0
DA:1,1
DA:3,1
DA:5,1
DA:8,1
DA:10,1
DA:13,1
DA:14,1
DA:15,1
DA:18,1
LF:9
LH:9
BRF:0
BRH:0
end_of_record
TN:
SF:/home/moise/Self-Build/JSCourse/Banka/SERVER/routes/transactionRouter.js
FNF:0
FNH:0
DA:1,1
DA:4,1
DA:6,1
DA:9,1
DA:11,1
DA:14,1
DA:16,1
DA:19,1
LF:8
LH:8
BRF:0
BRH:0
end_of_record
TN:
SF:/home/moise/Self-Build/JSCourse/Banka/SERVER/routes/auth/userRouter.js
FNF:0
FNH:0
DA:1,1
DA:3,1
DA:5,1
DA:7,1
DA:9,1
DA:12,1
DA:13,1
DA:17,1
LF:8
LH:8
BRF:0
BRH:0
end_of_record
