TN:
SF:/home/moise/Self-Build/JSCourse/Banka/SERVER/server.js
FN:20,(anonymous_1)
FN:26,(anonymous_2)
FNF:2
FNH:1
FNDA:0,(anonymous_1)
FNDA:1,(anonymous_2)
DA:2,1
DA:3,1
DA:4,1
DA:5,1
DA:9,1
DA:10,1
DA:11,1
DA:13,1
DA:14,1
DA:15,1
DA:20,1
DA:21,0
DA:26,1
DA:27,1
DA:34,1
DA:35,1
DA:37,1
LF:17
LH:16
BRDA:34,0,0,1
BRDA:34,0,1,1
BRF:2
BRH:2
end_of_record
TN:
SF:/home/moise/Self-Build/JSCourse/Banka/SERVER/config/config.js
FNF:0
FNH:0
DA:2,1
LF:1
LH:1
BRF:0
BRH:0
end_of_record
TN:
SF:/home/moise/Self-Build/JSCourse/Banka/SERVER/controllers/accounts.js
FN:7,(anonymous_1)
FN:42,(anonymous_2)
FN:44,(anonymous_3)
FN:69,(anonymous_4)
FN:71,(anonymous_5)
FNF:5
FNH:0
FNDA:0,(anonymous_1)
FNDA:0,(anonymous_2)
FNDA:0,(anonymous_3)
FNDA:0,(anonymous_4)
FNDA:0,(anonymous_5)
DA:1,1
DA:2,1
DA:3,1
DA:11,0
DA:13,0
DA:18,0
DA:19,0
DA:21,0
DA:32,0
DA:33,0
DA:44,0
DA:46,0
DA:47,0
DA:50,0
DA:55,0
DA:56,0
DA:57,0
DA:58,0
DA:59,0
DA:61,0
DA:71,0
DA:73,0
DA:78,0
DA:79,0
DA:80,0
DA:90,1
LF:26
LH:4
BRDA:13,0,0,0
BRDA:13,0,1,0
BRDA:50,1,0,0
BRDA:50,1,1,0
BRDA:73,2,0,0
BRDA:73,2,1,0
BRF:6
BRH:0
end_of_record
TN:
SF:/home/moise/Self-Build/JSCourse/Banka/SERVER/controllers/transactions.js
FN:9,(anonymous_1)
FN:56,(anonymous_2)
FNF:2
FNH:0
FNDA:0,(anonymous_1)
FNDA:0,(anonymous_2)
DA:1,1
DA:2,1
DA:3,1
DA:4,1
DA:13,0
DA:15,0
DA:20,0
DA:21,0
DA:28,0
DA:31,0
DA:32,0
DA:33,0
DA:36,0
DA:47,0
DA:48,0
DA:59,0
DA:61,0
DA:66,0
DA:67,0
DA:74,0
DA:77,0
DA:78,0
DA:79,0
DA:82,0
DA:84,0
DA:91,0
DA:102,0
DA:103,0
DA:116,1
LF:29
LH:5
BRDA:15,0,0,0
BRDA:15,0,1,0
BRDA:61,1,0,0
BRDA:61,1,1,0
BRDA:82,2,0,0
BRDA:82,2,1,0
BRDA:82,3,0,0
BRDA:82,3,1,0
BRF:8
BRH:0
end_of_record
TN:
SF:/home/moise/Self-Build/JSCourse/Banka/SERVER/controllers/auth/userAuth.js
FN:12,(anonymous_1)
FN:24,(anonymous_2)
FN:50,(anonymous_3)
FN:54,(anonymous_4)
FN:59,(anonymous_5)
FN:67,(anonymous_6)
FN:84,(anonymous_7)
FNF:7
FNH:0
FNDA:0,(anonymous_1)
FNDA:0,(anonymous_2)
FNDA:0,(anonymous_3)
FNDA:0,(anonymous_4)
FNDA:0,(anonymous_5)
FNDA:0,(anonymous_6)
FNDA:0,(anonymous_7)
DA:1,1
DA:2,1
DA:3,1
DA:4,1
DA:5,1
DA:6,1
DA:16,0
DA:18,0
DA:23,0
DA:26,0
DA:36,0
DA:43,0
DA:44,0
DA:45,0
DA:50,0
DA:56,0
DA:57,0
DA:59,0
DA:61,0
DA:66,0
DA:68,0
DA:73,0
DA:79,0
DA:84,0
DA:89,1
LF:25
LH:7
BRDA:18,0,0,0
BRDA:18,0,1,0
BRDA:61,1,0,0
BRDA:61,1,1,0
BRDA:68,2,0,0
BRDA:68,2,1,0
BRF:6
BRH:0
end_of_record
TN:
SF:/home/moise/Self-Build/JSCourse/Banka/SERVER/helpers/accountValidator.js
FN:4,(anonymous_1)
FNF:1
FNH:0
FNDA:0,(anonymous_1)
DA:1,1
DA:4,1
DA:5,0
DA:14,0
DA:25,0
DA:30,1
LF:6
LH:3
BRF:0
BRH:0
end_of_record
TN:
SF:/home/moise/Self-Build/JSCourse/Banka/SERVER/helpers/creditValidator.js
FN:4,(anonymous_1)
FNF:1
FNH:0
FNDA:0,(anonymous_1)
DA:1,1
DA:4,1
DA:5,0
DA:14,0
DA:25,0
DA:30,1
LF:6
LH:3
BRF:0
BRH:0
end_of_record
TN:
SF:/home/moise/Self-Build/JSCourse/Banka/SERVER/helpers/debitValidator.js
FN:4,(anonymous_1)
FNF:1
FNH:0
FNDA:0,(anonymous_1)
DA:1,1
DA:4,1
DA:5,0
DA:14,0
DA:25,0
DA:30,1
LF:6
LH:3
BRF:0
BRH:0
end_of_record
TN:
SF:/home/moise/Self-Build/JSCourse/Banka/SERVER/helpers/signUpValidator.js
FN:4,(anonymous_1)
FNF:1
FNH:0
FNDA:0,(anonymous_1)
DA:1,1
DA:4,1
DA:5,0
DA:15,0
DA:26,0
DA:31,1
LF:6
LH:3
BRF:0
BRH:0
end_of_record
TN:
SF:/home/moise/Self-Build/JSCourse/Banka/SERVER/models/account.js
FNF:0
FNH:0
DA:1,1
LF:1
LH:1
BRF:0
BRH:0
end_of_record
TN:
SF:/home/moise/Self-Build/JSCourse/Banka/SERVER/models/transaction.js
FNF:0
FNH:0
DA:1,1
LF:1
LH:1
BRF:0
BRH:0
end_of_record
TN:
SF:/home/moise/Self-Build/JSCourse/Banka/SERVER/models/user.js
FNF:0
FNH:0
DA:1,1
LF:1
LH:1
BRF:0
BRH:0
end_of_record
TN:
SF:/home/moise/Self-Build/JSCourse/Banka/SERVER/routes/accountRouter.js
FNF:0
FNH:0
DA:1,1
DA:4,1
DA:7,1
DA:9,1
DA:12,1
DA:13,1
DA:14,1
DA:17,1
LF:8
LH:8
BRF:0
BRH:0
end_of_record
TN:
SF:/home/moise/Self-Build/JSCourse/Banka/SERVER/routes/transactionRouter.js
FNF:0
FNH:0
DA:1,1
DA:4,1
DA:7,1
DA:9,1
DA:12,1
DA:14,1
DA:18,1
LF:7
LH:7
BRF:0
BRH:0
end_of_record
TN:
SF:/home/moise/Self-Build/JSCourse/Banka/SERVER/routes/auth/userRouter.js
FNF:0
FNH:0
DA:1,1
DA:4,1
DA:7,1
DA:9,1
DA:12,1
DA:13,1
DA:17,1
LF:7
LH:7
BRF:0
BRH:0
end_of_record
